Watching for file changes with StatReloader
System check identified some issues:

WARNINGS:
todos.Todo: (models.W042) Auto-created primary key used when not defining a primary key type, by default 'django.db.models.AutoField'.
	HINT: Configure the DEFAULT_AUTO_FIELD setting or the TodosConfig.default_auto_field attribute to point to a subclass of AutoField, e.g. 'django.db.models.BigAutoField'.

System check identified 1 issue (0 silenced).
[12/Dec/2023 23:33:10] "GET /todos/ HTTP/1.1" 200 4098
[12/Dec/2023 23:33:11] "GET /static/css/style.css HTTP/1.1" 304 0
[12/Dec/2023 23:33:24] "GET /todos/ HTTP/1.1" 200 4098
Watching for file changes with StatReloader
System check identified some issues:

WARNINGS:
todos.Todo: (models.W042) Auto-created primary key used when not defining a primary key type, by default 'django.db.models.AutoField'.
	HINT: Configure the DEFAULT_AUTO_FIELD setting or the TodosConfig.default_auto_field attribute to point to a subclass of AutoField, e.g. 'django.db.models.BigAutoField'.

System check identified 1 issue (0 silenced).
[13/Dec/2023 11:22:17] "GET /todos/ HTTP/1.1" 200 3503
[13/Dec/2023 11:22:46] "POST /todos/add/ HTTP/1.1" 302 0
[13/Dec/2023 11:22:47] "GET /todos/ HTTP/1.1" 200 4088
[13/Dec/2023 11:22:49] "GET /todos/ HTTP/1.1" 200 4088
[13/Dec/2023 11:22:59] "GET / HTTP/1.1" 302 0
